[1127/074600.310:ERROR:directory_reader_win.cc(43)] FindFirstFile: Системе не удается найти указанный путь. (0x3)
[1127/142011.482:ERROR:directory_reader_win.cc(43)] FindFirstFile: Системе не удается найти указанный путь. (0x3)
[1130/092604.639:ERROR:filesystem_win.cc(129)] GetFileAttributes C:\Users\dsvir\AppData\Local\Google\Chrome\User Data\Crashpad\attachments\01b69526-79ee-4d5a-a0c2-821560e8c0f0: Системе не удается найти указанный путь. (0x3)
[1130/092604.639:ERROR:filesystem_win.cc(129)] GetFileAttributes C:\Users\dsvir\AppData\Local\Google\Chrome\User Data\Crashpad\attachments\4a33d08c-68d5-4ad4-9cc3-2ef7efb82de2: Системе не удается найти указанный путь. (0x3)
[1130/092604.639:ERROR:filesystem_win.cc(129)] GetFileAttributes C:\Users\dsvir\AppData\Local\Google\Chrome\User Data\Crashpad\attachments\6a381c3e-3713-40da-b11a-f53307e1f5cc: Системе не удается найти указанный путь. (0x3)
[1130/092604.639:ERROR:filesystem_win.cc(129)] GetFileAttributes C:\Users\dsvir\AppData\Local\Google\Chrome\User Data\Crashpad\attachments\7f5a15b1-b4ab-47a8-8541-2e6651e3e532: Системе не удается найти указанный путь. (0x3)
[1130/092604.639:ERROR:filesystem_win.cc(129)] GetFileAttributes C:\Users\dsvir\AppData\Local\Google\Chrome\User Data\Crashpad\attachments\80cc995c-5650-4877-b14c-90e6d670ce26: Системе не удается найти указанный путь. (0x3)
[1130/092604.639:ERROR:filesystem_win.cc(129)] GetFileAttributes C:\Users\dsvir\AppData\Local\Google\Chrome\User Data\Crashpad\attachments\9876a786-a5bc-4801-90f7-f6865e5d2c4e: Системе не удается найти указанный путь. (0x3)
[1130/092604.655:ERROR:filesystem_win.cc(129)] GetFileAttributes C:\Users\dsvir\AppData\Local\Google\Chrome\User Data\Crashpad\attachments\9ba4c115-97bb-4192-976e-838735437163: Системе не удается найти указанный путь. (0x3)
[1130/092604.670:ERROR:filesystem_win.cc(129)] GetFileAttributes C:\Users\dsvir\AppData\Local\Google\Chrome\User Data\Crashpad\attachments\9db26bf3-ebd6-4f1e-a5e7-c48b7f67460f: Системе не удается найти указанный путь. (0x3)
[1130/092604.686:ERROR:filesystem_win.cc(129)] GetFileAttributes C:\Users\dsvir\AppData\Local\Google\Chrome\User Data\Crashpad\attachments\a23d45db-4484-48a6-af8d-6f97e0b99b43: Системе не удается найти указанный путь. (0x3)
[1130/092604.686:ERROR:directory_reader_win.cc(43)] FindFirstFile: Системе не удается найти указанный путь. (0x3)
[1201/102850.292:ERROR:directory_reader_win.cc(43)] FindFirstFile: Системе не удается найти указанный путь. (0x3)
[1202/101440.244:ERROR:directory_reader_win.cc(43)] FindFirstFile: Системе не удается найти указанный путь. (0x3)
[1202/180050.049:ERROR:process_info.cc(329)] VirtualQueryEx: Отказано в доступе. (0x5)
[1202/180050.144:ERROR:process_reader_win.cc(123)] NtOpenThread: {Отказано в доступе} Процесс запросил доступ к объекту, но права на доступ не предоставлены. (0xc0000022)
[1202/180049.066:ERROR:process_reader_win.cc(123)] NtOpenThread: {Отказано в доступе} Процесс запросил доступ к объекту, но права на доступ не предоставлены. (0xc0000022)
[1202/180050.307:ERROR:process_info.cc(556)] ReadMemoryInfo failed
[1202/180050.307:ERROR:exception_snapshot_win.cc(99)] thread ID 14000 not found in process
[1202/180050.307:ERROR:exception_snapshot_win.cc(99)] thread ID 17124 not found in process
[1202/180049.066:ERROR:process_reader_win.cc(123)] NtOpenThread: {Отказано в доступе} Процесс запросил доступ к объекту, но права на доступ не предоставлены. (0xc0000022)
[1202/180050.177:ERROR:process_reader_win.cc(123)] NtOpenThread: {Отказано в доступе} Процесс запросил доступ к объекту, но права на доступ не предоставлены. (0xc0000022)
[1202/180050.366:ERROR:exception_snapshot_win.cc(99)] thread ID 12220 not found in process
[1202/180050.366:ERROR:exception_snapshot_win.cc(99)] thread ID 3628 not found in process
[1202/180050.307:ERROR:scoped_process_suspend.cc(40)] NtResumeProcess: Попытка доступа к процессу, выполняющему процедуру завершения. (0xc000010a)
[1202/180050.525:ERROR:process_reader_win.cc(123)] NtOpenThread: {Отказано в доступе} Процесс запросил доступ к объекту, но права на доступ не предоставлены. (0xc0000022)
[1202/180050.525:ERROR:exception_snapshot_win.cc(99)] thread ID 19260 not found in process
[1202/180054.340:ERROR:process_info.cc(329)] VirtualQueryEx: Отказано в доступе. (0x5)
[1202/180054.340:ERROR:process_info.cc(556)] ReadMemoryInfo failed
[1202/180054.340:ERROR:scoped_process_suspend.cc(40)] NtResumeProcess: Попытка доступа к процессу, выполняющему процедуру завершения. (0xc000010a)
[1202/222824.277:ERROR:directory_reader_win.cc(43)] FindFirstFile: Системе не удается найти указанный путь. (0x3)
